This is pdfTeX, Version 3.14159265-2.6-1.40.19 (MiKTeX 2.9.6730) (preloaded format=pdflatex 2018.11.13)  16 NOV 2018 10:47
entering extended mode
**E:/M2_Projet_Acoustique/Enhanced_Instument/Poutre_simple_encastrée_libre_lit
teral.tex

(E:/M2_Projet_Acoustique/Enhanced_Instument/Poutre_simple_encastrée_libre_litt
eral.tex
LaTeX2e <2018-04-01> patch level 5
(E:\Program_miktex-portable-2.9.6753\texmfs\install\tex\latex\base\article.cls
Document Class: article 2014/09/29 v1.4h Standard LaTeX document class
(E:\Program_miktex-portable-2.9.6753\texmfs\install\tex\latex\base\size10.clo
File: size10.clo 2014/09/29 v1.4h Standard LaTeX file (size option)
)
\c@part=\count80
\c@section=\count81
\c@subsection=\count82
\c@subsubsection=\count83
\c@paragraph=\count84
\c@subparagraph=\count85
\c@figure=\count86
\c@table=\count87
\abovecaptionskip=\skip41
\belowcaptionskip=\skip42
\bibindent=\dimen102
)
(E:\Program_miktex-portable-2.9.6753\texmfs\install\tex\latex\base\inputenc.sty
Package: inputenc 2018/04/06 v1.3b Input encoding file
\inpenc@prehook=\toks14
\inpenc@posthook=\toks15
(E:\Program_miktex-portable-2.9.6753\texmfs\install\tex\latex\ucs\utf8x.def
File: utf8x.def 2004/10/17 UCS: Input encoding UTF-8
))
(E:\Program_miktex-portable-2.9.6753\texmfs\install\tex\latex\ucs\ucs.sty
Package: ucs 2013/05/11 v2.2 UCS: Unicode input support

(E:\Program_miktex-portable-2.9.6753\texmfs\install\tex\latex\ucs\uni-global.de
f
File: uni-global.def 2013/05/13 UCS: Unicode global data
)
\uc@secondtry=\count88
\uc@combtoks=\toks16
\uc@combtoksb=\toks17
\uc@temptokena=\toks18
)
(E:\Program_miktex-portable-2.9.6753\texmfs\install\tex\latex\base\fontenc.sty
Package: fontenc 2017/04/05 v2.0i Standard LaTeX package

(E:\Program_miktex-portable-2.9.6753\texmfs\install\tex\latex\base\t1enc.def
File: t1enc.def 2017/04/05 v2.0i Standard LaTeX file
LaTeX Font Info:    Redeclaring font encoding T1 on input line 48.
))
(E:\Program_miktex-portable-2.9.6753\texmfs\install\tex\generic\babel\babel.sty
Package: babel 2018/06/05 3.22 The Babel package

(E:\Program_miktex-portable-2.9.6753\texmfs\install\tex\generic\babel\switch.de
f
File: switch.def 2018/06/05 3.22 Babel switching mechanism
)
*************************************
* Local config file bblopts.cfg used
*

(E:\Program_miktex-portable-2.9.6753\texmfs\install\tex\latex\arabi\bblopts.cfg
File: bblopts.cfg 2005/09/08 v0.1 add Arabic and Farsi to "declared" options of
 babel
)
(E:\Program_miktex-portable-2.9.6753\texmfs\install\tex\generic\babel-french\fr
ench.ldf
Language: french 2018/04/12 v3.4d French support from the babel system

(E:\Program_miktex-portable-2.9.6753\texmfs\install\tex\generic\babel\babel.def
File: babel.def 2018/06/05 3.22 Babel common definitions
\babel@savecnt=\count89
\U@D=\dimen103

(E:\Program_miktex-portable-2.9.6753\texmfs\install\tex\generic\babel\txtbabel.
def)
\bbl@dirlevel=\count90
)
\l@french = a dialect from \language\l@nohyphenation 


Package babel Warning: No hyphenation patterns were preloaded for
(babel)                the language `French' into the format.
(babel)                Please, configure your TeX system to add them and
(babel)                rebuild the format. Now I will use the patterns
(babel)                preloaded for \language=nohyphenation instead on input l
ine 87.

\l@acadian = a dialect from \language\l@french 
\FB@nonchar=\count91
Package babel Info: Making : an active character on input line 415.
Package babel Info: Making ; an active character on input line 416.
Package babel Info: Making ! an active character on input line 417.
Package babel Info: Making ? an active character on input line 418.
\FBguill@level=\count92
\FB@everypar=\toks19
\FB@Mht=\dimen104
\mc@charclass=\count93
\mc@charfam=\count94
\mc@charslot=\count95
\std@mcc=\count96
\dec@mcc=\count97
\c@FBcaption@count=\count98
\listindentFB=\skip43
\descindentFB=\skip44
\labelwidthFB=\skip45
\leftmarginFB=\skip46
\parindentFFN=\dimen105
\FBfnindent=\skip47
))
(E:\Program_miktex-portable-2.9.6753\texmfs\install\tex\latex\carlisle\scalefnt
.sty)
(E:\Program_miktex-portable-2.9.6753\texmfs\install\tex\latex\graphics\keyval.s
ty
Package: keyval 2014/10/28 v1.15 key=value parser (DPC)
\KV@toks@=\toks20
)
(E:\Program_miktex-portable-2.9.6753\texmfs\install\tex\latex\lm\lmodern.sty
Package: lmodern 2009/10/30 v1.6 Latin Modern Fonts
LaTeX Font Info:    Overwriting symbol font `operators' in version `normal'
(Font)                  OT1/cmr/m/n --> OT1/lmr/m/n on input line 22.
LaTeX Font Info:    Overwriting symbol font `letters' in version `normal'
(Font)                  OML/cmm/m/it --> OML/lmm/m/it on input line 23.
LaTeX Font Info:    Overwriting symbol font `symbols' in version `normal'
(Font)                  OMS/cmsy/m/n --> OMS/lmsy/m/n on input line 24.
LaTeX Font Info:    Overwriting symbol font `largesymbols' in version `normal'
(Font)                  OMX/cmex/m/n --> OMX/lmex/m/n on input line 25.
LaTeX Font Info:    Overwriting symbol font `operators' in version `bold'
(Font)                  OT1/cmr/bx/n --> OT1/lmr/bx/n on input line 26.
LaTeX Font Info:    Overwriting symbol font `letters' in version `bold'
(Font)                  OML/cmm/b/it --> OML/lmm/b/it on input line 27.
LaTeX Font Info:    Overwriting symbol font `symbols' in version `bold'
(Font)                  OMS/cmsy/b/n --> OMS/lmsy/b/n on input line 28.
LaTeX Font Info:    Overwriting symbol font `largesymbols' in version `bold'
(Font)                  OMX/cmex/m/n --> OMX/lmex/m/n on input line 29.
LaTeX Font Info:    Overwriting math alphabet `\mathbf' in version `normal'
(Font)                  OT1/cmr/bx/n --> OT1/lmr/bx/n on input line 31.
LaTeX Font Info:    Overwriting math alphabet `\mathsf' in version `normal'
(Font)                  OT1/cmss/m/n --> OT1/lmss/m/n on input line 32.
LaTeX Font Info:    Overwriting math alphabet `\mathit' in version `normal'
(Font)                  OT1/cmr/m/it --> OT1/lmr/m/it on input line 33.
LaTeX Font Info:    Overwriting math alphabet `\mathtt' in version `normal'
(Font)                  OT1/cmtt/m/n --> OT1/lmtt/m/n on input line 34.
LaTeX Font Info:    Overwriting math alphabet `\mathbf' in version `bold'
(Font)                  OT1/cmr/bx/n --> OT1/lmr/bx/n on input line 35.
LaTeX Font Info:    Overwriting math alphabet `\mathsf' in version `bold'
(Font)                  OT1/cmss/bx/n --> OT1/lmss/bx/n on input line 36.
LaTeX Font Info:    Overwriting math alphabet `\mathit' in version `bold'
(Font)                  OT1/cmr/bx/it --> OT1/lmr/bx/it on input line 37.
LaTeX Font Info:    Overwriting math alphabet `\mathtt' in version `bold'
(Font)                  OT1/cmtt/m/n --> OT1/lmtt/m/n on input line 38.
)
(E:\Program_miktex-portable-2.9.6753\texmfs\install\tex\latex\geometry\geometry
.sty
Package: geometry 2018/04/16 v5.8 Page Geometry

(E:\Program_miktex-portable-2.9.6753\texmfs\install\tex\generic\oberdiek\ifpdf.
sty
Package: ifpdf 2017/03/15 v3.2 Provides the ifpdf switch
)
(E:\Program_miktex-portable-2.9.6753\texmfs\install\tex\generic\oberdiek\ifvtex
.sty
Package: ifvtex 2016/05/16 v1.6 Detect VTeX and its facilities (HO)
Package ifvtex Info: VTeX not detected.
)
(E:\Program_miktex-portable-2.9.6753\texmfs\install\tex\generic\ifxetex\ifxetex
.sty
Package: ifxetex 2010/09/12 v0.6 Provides ifxetex conditional
)
\Gm@cnth=\count99
\Gm@cntv=\count100
\c@Gm@tempcnt=\count101
\Gm@bindingoffset=\dimen106
\Gm@wd@mp=\dimen107
\Gm@odd@mp=\dimen108
\Gm@even@mp=\dimen109
\Gm@layoutwidth=\dimen110
\Gm@layoutheight=\dimen111
\Gm@layouthoffset=\dimen112
\Gm@layoutvoffset=\dimen113
\Gm@dimlist=\toks21

(E:\Program_miktex-portable-2.9.6753\texmfs\install\tex\latex\geometry\geometry
.cfg))
(E:\Program_miktex-portable-2.9.6753\texmfs\install\tex\latex\amsmath\amsmath.s
ty
Package: amsmath 2017/09/02 v2.17a AMS math features
\@mathmargin=\skip48

For additional information on amsmath, use the `?' option.

(E:\Program_miktex-portable-2.9.6753\texmfs\install\tex\latex\amsmath\amstext.s
ty
Package: amstext 2000/06/29 v2.01 AMS text

(E:\Program_miktex-portable-2.9.6753\texmfs\install\tex\latex\amsmath\amsgen.st
y
File: amsgen.sty 1999/11/30 v2.0 generic functions
\@emptytoks=\toks22
\ex@=\dimen114
))
(E:\Program_miktex-portable-2.9.6753\texmfs\install\tex\latex\amsmath\amsbsy.st
y
Package: amsbsy 1999/11/29 v1.2d Bold Symbols
\pmbraise@=\dimen115
)
(E:\Program_miktex-portable-2.9.6753\texmfs\install\tex\latex\amsmath\amsopn.st
y
Package: amsopn 2016/03/08 v2.02 operator names
)
\inf@bad=\count102
LaTeX Info: Redefining \frac on input line 213.
\uproot@=\count103
\leftroot@=\count104
LaTeX Info: Redefining \overline on input line 375.
\classnum@=\count105
\DOTSCASE@=\count106
LaTeX Info: Redefining \ldots on input line 472.
LaTeX Info: Redefining \dots on input line 475.
LaTeX Info: Redefining \cdots on input line 596.
\Mathstrutbox@=\box26
\strutbox@=\box27
\big@size=\dimen116
LaTeX Font Info:    Redeclaring font encoding OML on input line 712.
LaTeX Font Info:    Redeclaring font encoding OMS on input line 713.
\macc@depth=\count107
\c@MaxMatrixCols=\count108
\dotsspace@=\muskip10
\c@parentequation=\count109
\dspbrk@lvl=\count110
\tag@help=\toks23
\row@=\count111
\column@=\count112
\maxfields@=\count113
\andhelp@=\toks24
\eqnshift@=\dimen117
\alignsep@=\dimen118
\tagshift@=\dimen119
\tagwidth@=\dimen120
\totwidth@=\dimen121
\lineht@=\dimen122
\@envbody=\toks25
\multlinegap=\skip49
\multlinetaggap=\skip50
\mathdisplay@stack=\toks26
LaTeX Info: Redefining \[ on input line 2817.
LaTeX Info: Redefining \] on input line 2818.
)
(E:\Program_miktex-portable-2.9.6753\texmfs\install\tex\latex\amsfonts\amssymb.
sty
Package: amssymb 2013/01/14 v3.01 AMS font symbols

(E:\Program_miktex-portable-2.9.6753\texmfs\install\tex\latex\amsfonts\amsfonts
.sty
Package: amsfonts 2013/01/14 v3.01 Basic AMSFonts support
\symAMSa=\mathgroup4
\symAMSb=\mathgroup5
LaTeX Font Info:    Overwriting math alphabet `\mathfrak' in version `bold'
(Font)                  U/euf/m/n --> U/euf/b/n on input line 106.
))
(E:\Program_miktex-portable-2.9.6753\texmfs\install\tex\latex\jknappen\mathrsfs
.sty
Package: mathrsfs 1996/01/01 Math RSFS package v1.0 (jk)
\symrsfs=\mathgroup6
)
No file Poutre_simple_encastrée_libre_litteral.aux.
\openout1 = `Poutre_simple_encastrée_libre_litteral.aux'.

LaTeX Font Info:    Checking defaults for OML/cmm/m/it on input line 36.
LaTeX Font Info:    ... okay on input line 36.
LaTeX Font Info:    Checking defaults for T1/cmr/m/n on input line 36.
LaTeX Font Info:    ... okay on input line 36.
LaTeX Font Info:    Checking defaults for OT1/cmr/m/n on input line 36.
LaTeX Font Info:    ... okay on input line 36.
LaTeX Font Info:    Checking defaults for OMS/cmsy/m/n on input line 36.
LaTeX Font Info:    ... okay on input line 36.
LaTeX Font Info:    Checking defaults for OMX/cmex/m/n on input line 36.
LaTeX Font Info:    ... okay on input line 36.
LaTeX Font Info:    Checking defaults for U/cmr/m/n on input line 36.
LaTeX Font Info:    ... okay on input line 36.
LaTeX Font Info:    Try loading font information for T1+lmr on input line 36.
(E:\Program_miktex-portable-2.9.6753\texmfs\install\tex\latex\lm\t1lmr.fd
File: t1lmr.fd 2009/10/30 v1.6 Font defs for Latin Modern
)
(E:\Program_miktex-portable-2.9.6753\texmfs\install\tex\latex\ucs\ucsencs.def
File: ucsencs.def 2011/01/21 Fixes to fontencodings LGR, T3
)
LaTeX Info: Redefining \degres on input line 36.
LaTeX Info: Redefining \dots on input line 36.
LaTeX Info: Redefining \up on input line 36.

*geometry* driver: auto-detecting
*geometry* detected driver: pdftex
*geometry* verbose mode - [ preamble ] result:
* driver: pdftex
* paper: a4paper
* layout: <same size as paper>
* layoutoffset:(h,v)=(0.0pt,0.0pt)
* modes: 
* h-part:(L,W,R)=(85.35826pt, 426.79135pt, 85.35826pt)
* v-part:(T,H,B)=(85.35826pt, 674.33032pt, 85.35826pt)
* \paperwidth=597.50787pt
* \paperheight=845.04684pt
* \textwidth=426.79135pt
* \textheight=674.33032pt
* \oddsidemargin=13.08827pt
* \evensidemargin=13.08827pt
* \topmargin=-23.91173pt
* \headheight=12.0pt
* \headsep=25.0pt
* \topskip=10.0pt
* \footskip=30.0pt
* \marginparwidth=57.0pt
* \marginparsep=11.0pt
* \columnsep=10.0pt
* \skip\footins=9.0pt plus 4.0pt minus 2.0pt
* \hoffset=0.0pt
* \voffset=0.0pt
* \mag=1000
* \@twocolumnfalse
* \@twosidefalse
* \@mparswitchfalse
* \@reversemarginfalse
* (1in=72.27pt=25.4mm, 1cm=28.453pt)

(E:\Program_miktex-portable-2.9.6753\texmfs\install\tex\latex\ucs\uni-0.def
File: uni-0.def 2013/05/13 UCS: Unicode data U+0000..U+00FF
)
LaTeX Font Info:    Try loading font information for OT1+lmr on input line 41.

(E:\Program_miktex-portable-2.9.6753\texmfs\install\tex\latex\lm\ot1lmr.fd
File: ot1lmr.fd 2009/10/30 v1.6 Font defs for Latin Modern
)
LaTeX Font Info:    Try loading font information for OML+lmm on input line 41.

(E:\Program_miktex-portable-2.9.6753\texmfs\install\tex\latex\lm\omllmm.fd
File: omllmm.fd 2009/10/30 v1.6 Font defs for Latin Modern
)
LaTeX Font Info:    Try loading font information for OMS+lmsy on input line 41.


(E:\Program_miktex-portable-2.9.6753\texmfs\install\tex\latex\lm\omslmsy.fd
File: omslmsy.fd 2009/10/30 v1.6 Font defs for Latin Modern
)
LaTeX Font Info:    Try loading font information for OMX+lmex on input line 41.


(E:\Program_miktex-portable-2.9.6753\texmfs\install\tex\latex\lm\omxlmex.fd
File: omxlmex.fd 2009/10/30 v1.6 Font defs for Latin Modern
)
LaTeX Font Info:    External font `lmex10' loaded for size
(Font)              <10> on input line 41.
LaTeX Font Info:    External font `lmex10' loaded for size
(Font)              <7> on input line 41.
LaTeX Font Info:    External font `lmex10' loaded for size
(Font)              <5> on input line 41.
LaTeX Font Info:    Try loading font information for U+msa on input line 41.

(E:\Program_miktex-portable-2.9.6753\texmfs\install\tex\latex\amsfonts\umsa.fd
File: umsa.fd 2013/01/14 v3.01 AMS symbols A
)
LaTeX Font Info:    Try loading font information for U+msb on input line 41.
(E:\Program_miktex-portable-2.9.6753\texmfs\install\tex\latex\amsfonts\umsb.fd
File: umsb.fd 2013/01/14 v3.01 AMS symbols B
)
LaTeX Font Info:    Try loading font information for U+rsfs on input line 41.

(E:\Program_miktex-portable-2.9.6753\texmfs\install\tex\latex\jknappen\ursfs.fd
File: ursfs.fd 1998/03/24 rsfs font definition file (jk)
)

! Package amsmath Error: Erroneous nesting of equation structures;
(amsmath)                trying to recover with `aligned'.

See the amsmath package documentation for explanation.
Type  H <return>  for immediate help.
 ...                                              
                                                  
l.141 		\end{align}
                   
? h
Try typing  <return>  to proceed.
If that doesn't work, type  X <return>  to quit.
? 
[1

{E:/Program_miktex-portable-2.9.6753/texmfs/data/pdftex/config/pdftex.map}]
Underfull \hbox (badness 10000) in paragraph at lines 176--179

 []


Underfull \hbox (badness 10000) in paragraph at lines 180--190

 []


LaTeX Warning: Command \` invalid in math mode on input line 195.

[2] [3] (Poutre_simple_encastrée_libre_litteral.aux) ) 
Here is how much of TeX's memory you used:
 3986 strings out of 494872
 55609 string characters out of 3177247
 135169 words of memory out of 3000000
 7546 multiletter control sequences out of 15000+200000
 35104 words of font info for 40 fonts, out of 3000000 for 9000
 14 hyphenation exceptions out of 8191
 28i,8n,31p,443b,593s stack positions out of 5000i,500n,10000p,200000b,50000s
{E:/Program_miktex-porta
ble-2.9.6753/texmfs/install/fonts/enc/dvips/lm/lm-ec.enc}{E:/Program_miktex-por
table-2.9.6753/texmfs/install/fonts/enc/dvips/lm/lm-mathsy.enc}{E:/Program_mikt
ex-portable-2.9.6753/texmfs/install/fonts/enc/dvips/lm/lm-mathit.enc}{E:/Progra
m_miktex-portable-2.9.6753/texmfs/install/fonts/enc/dvips/lm/lm-mathex.enc}{E:/
Program_miktex-portable-2.9.6753/texmfs/install/fonts/enc/dvips/lm/lm-rm.enc}<E
:/Program_miktex-portable-2.9.6753/texmfs/install/fonts/type1/public/lm/lmbx10.
pfb><E:/Program_miktex-portable-2.9.6753/texmfs/install/fonts/type1/public/lm/l
mbx9.pfb><E:/Program_miktex-portable-2.9.6753/texmfs/install/fonts/type1/public
/lm/lmex10.pfb><E:/Program_miktex-portable-2.9.6753/texmfs/install/fonts/type1/
public/lm/lmmi10.pfb><E:/Program_miktex-portable-2.9.6753/texmfs/install/fonts/
type1/public/lm/lmmi7.pfb><E:/Program_miktex-portable-2.9.6753/texmfs/install/f
onts/type1/public/lm/lmr10.pfb><E:/Program_miktex-portable-2.9.6753/texmfs/inst
all/fonts/type1/public/lm/lmr7.pfb><E:/Program_miktex-portable-2.9.6753/texmfs/
install/fonts/type1/public/lm/lmr9.pfb><E:/Program_miktex-portable-2.9.6753/tex
mfs/install/fonts/type1/public/lm/lmsy10.pfb><E:/Program_miktex-portable-2.9.67
53/texmfs/install/fonts/type1/public/lm/lmsy7.pfb>
Output written on Poutre_simple_encastrée_libre_litteral.pdf (3 pages, 170326 
bytes).
PDF statistics:
 59 PDF objects out of 1000 (max. 8388607)
 0 named destinations out of 1000 (max. 500000)
 1 words of extra memory for PDF output out of 10000 (max. 10000000)

